#
# There is insufficient memory for the Java Runtime Environment to continue.
# Native memory allocation (malloc) failed to allocate 32744 bytes for ChunkPool::allocate
# Possible reasons:
#   The system is out of physical RAM or swap space
#   The process is running with CompressedOops enabled, and the Java Heap may be blocking the growth of the native heap
# Possible solutions:
#   Reduce memory load on the system
#   Increase physical memory or swap space
#   Check if swap backing store is full
#   Decrease Java heap size (-Xmx/-Xms)
#   Decrease number of Java threads
#   Decrease Java thread stack sizes (-Xss)
#   Set larger code cache with -XX:ReservedCodeCacheSize=
#   JVM is running with Unscaled Compressed Oops mode in which the Java heap is
#     placed in the first 4GB address space. The Java Heap base address is the
#     maximum limit for the native heap growth. Please use -XX:HeapBaseMinAddress
#     to set the Java Heap base and to place the Java Heap above 4GB virtual address.
# This output file may be truncated or incomplete.
#
#  Out of Memory Error (allocation.cpp:272), pid=6540, tid=0x0000000000003044
#
# JRE version: OpenJDK Runtime Environment (8.0_212-b04) (build 1.8.0_212-release-1586-b04)
# Java VM: OpenJDK 64-Bit Server VM (25.212-b04 mixed mode windows-amd64 compressed oops)
# Failed to write core dump. Minidumps are not enabled by default on client versions of Windows
#

---------------  T H R E A D  ---------------

Current thread (0x0000000018d2b000):  JavaThread "C2 CompilerThread0" daemon [_thread_in_native, id=12356, stack(0x0000000019600000,0x0000000019700000)]

Stack: [0x0000000019600000,0x0000000019700000]
[error occurred during error reporting (printing stack bounds), id 0xc0000005]

Native frames: (J=compiled Java code, j=interpreted, Vv=VM code, C=native code)


Current CompileTask:
C2:   8168 4170       4       com.sun.beans.TypeResolver::resolve (37 bytes)


---------------  P R O C E S S  ---------------

Java Threads: ( => current thread )
  0x000000001df47800 JavaThread "Cache worker for Build Output Cleanup Cache (C:\Users\saksh\AndroidStudioProjects\ipscanner\.gradle\buildOutputCleanup)" [_thread_blocked, id=7080, stack(0x0000000023fb0000,0x00000000240b0000)]
  0x000000001df46800 JavaThread "pool-1-thread-1" [_thread_blocked, id=3136, stack(0x0000000023cb0000,0x0000000023db0000)]
  0x000000001df3f000 JavaThread "Build operations Thread 8" [_thread_blocked, id=13192, stack(0x00000000237b0000,0x00000000238b0000)]
  0x000000001df46000 JavaThread "Build operations Thread 7" [_thread_blocked, id=7600, stack(0x00000000236b0000,0x00000000237b0000)]
  0x000000001df45000 JavaThread "Build operations Thread 6" [_thread_blocked, id=8220, stack(0x00000000235b0000,0x00000000236b0000)]
  0x000000001df42000 JavaThread "Build operations Thread 5" [_thread_blocked, id=11120, stack(0x00000000234b0000,0x00000000235b0000)]
  0x000000001df44800 JavaThread "Build operations Thread 4" [_thread_blocked, id=13472, stack(0x00000000233b0000,0x00000000234b0000)]
  0x000000001df40000 JavaThread "Build operations Thread 3" [_thread_blocked, id=9168, stack(0x00000000232b0000,0x00000000233b0000)]
  0x000000001df43800 JavaThread "Build operations Thread 2" [_thread_blocked, id=8456, stack(0x00000000231b0000,0x00000000232b0000)]
  0x000000001df43000 JavaThread "Build operations" [_thread_blocked, id=11724, stack(0x00000000230b0000,0x00000000231b0000)]
  0x0000000019e5f800 JavaThread "Cache worker for execution history cache (C:\Users\saksh\.gradle\caches\5.6.4\executionHistory)" [_thread_blocked, id=7408, stack(0x00000000228c0000,0x00000000229c0000)]
  0x0000000019e61000 JavaThread "Cache worker for cache directory md-rule (C:\Users\saksh\.gradle\caches\5.6.4\md-rule)" [_thread_blocked, id=8504, stack(0x00000000227c0000,0x00000000228c0000)]
  0x0000000019e63800 JavaThread "Cache worker for cache directory md-supplier (C:\Users\saksh\.gradle\caches\5.6.4\md-supplier)" [_thread_blocked, id=5480, stack(0x00000000226c0000,0x00000000227c0000)]
  0x0000000019e62000 JavaThread "Cache worker for file hash cache (C:\Users\saksh\AndroidStudioProjects\ipscanner\.gradle\5.6.4\fileHashes)" [_thread_blocked, id=2140, stack(0x000000001fdc0000,0x000000001fec0000)]
  0x0000000019e62800 JavaThread "Cache worker for journal cache (C:\Users\saksh\.gradle\caches\journal-1)" [_thread_blocked, id=10648, stack(0x000000001d920000,0x000000001da20000)]
  0x0000000019e66000 JavaThread "File lock request listener" [_thread_in_native, id=13656, stack(0x000000001d820000,0x000000001d920000)]
  0x000000001b32e800 JavaThread "Cache worker for file hash cache (C:\Users\saksh\.gradle\caches\5.6.4\fileHashes)" [_thread_blocked, id=2376, stack(0x000000001d720000,0x000000001d820000)]
  0x000000001b8a6800 JavaThread "Thread-9" [_thread_blocked, id=3880, stack(0x000000001d620000,0x000000001d720000)]
  0x000000001b8ab800 JavaThread "Stdin handler" [_thread_blocked, id=15504, stack(0x000000001d520000,0x000000001d620000)]
  0x000000001b8ef800 JavaThread "Asynchronous log dispatcher for DefaultDaemonConnection: socket connection from /127.0.0.1:51643 to /127.0.0.1:51644" [_thread_blocked, id=8324, stack(0x000000001d320000,0x000000001d420000)]
  0x000000001b8b1000 JavaThread "Daemon worker" [_thread_in_vm, id=4888, stack(0x000000001d220000,0x000000001d320000)]
  0x000000001b896800 JavaThread "Cancel handler" [_thread_blocked, id=2248, stack(0x000000001d120000,0x000000001d220000)]
  0x000000001b86e000 JavaThread "Handler for socket connection from /127.0.0.1:51643 to /127.0.0.1:51644" [_thread_in_native, id=11008, stack(0x000000001ce20000,0x000000001cf20000)]
  0x000000001b863800 JavaThread "Daemon" [_thread_blocked, id=4388, stack(0x000000001cd20000,0x000000001ce20000)]
  0x000000001b7f5000 JavaThread "Daemon periodic checks" [_thread_blocked, id=12908, stack(0x000000001cc20000,0x000000001cd20000)]
  0x000000001b7fd800 JavaThread "Incoming local TCP Connector on port 51643" [_thread_in_native, id=5724, stack(0x000000001c9e0000,0x000000001cae0000)]
  0x000000001900d000 JavaThread "Daemon health stats" [_thread_blocked, id=1996, stack(0x000000001c3a0000,0x000000001c4a0000)]
  0x0000000018dc3000 JavaThread "Service Thread" daemon [_thread_blocked, id=2440, stack(0x0000000019a00000,0x0000000019b00000)]
  0x0000000018d33000 JavaThread "C1 CompilerThread3" daemon [_thread_blocked, id=15236, stack(0x0000000019900000,0x0000000019a00000)]
  0x0000000018d30800 JavaThread "C2 CompilerThread2" daemon [_thread_in_native, id=14852, stack(0x0000000019800000,0x0000000019900000)]
  0x0000000018d2e800 JavaThread "C2 CompilerThread1" daemon [_thread_in_native, id=13072, stack(0x0000000019700000,0x0000000019800000)]
=>0x0000000018d2b000 JavaThread "C2 CompilerThread0" daemon [_thread_in_native, id=12356, stack(0x0000000019600000,0x0000000019700000)]
  0x0000000018d2a000 JavaThread "Attach Listener" daemon [_thread_blocked, id=10768, stack(0x0000000019500000,0x0000000019600000)]
  0x0000000018d35800 JavaThread "Signal Dispatcher" daemon [_thread_blocked, id=10008, stack(0x0000000019400000,0x0000000019500000)]
  0x000000000316e000 JavaThread "Finalizer" daemon [_thread_blocked, id=9676, stack(0x0000000019200000,0x0000000019300000)]
  0x0000000003165000 JavaThread "Reference Handler" daemon [_thread_blocked, id=8980, stack(0x0000000019100000,0x0000000019200000)]
  0x000000000306e800 JavaThread "main" [_thread_blocked, id=2508, stack(0x0000000002e90000,0x0000000002f90000)]

Other Threads:
  0x0000000016f28000 VMThread [stack: 0x0000000018c00000,0x0000000018d00000] [id=8540]
  0x0000000018dc3800 WatcherThread [stack: 0x0000000019b00000,0x0000000019c00000] [id=13000]

VM state:not at safepoint (normal execution)

VM Mutex/Monitor currently owned by a thread: None

heap address: 0x00000000a0000000, size: 1536 MB, Compressed Oops mode: 32-bit
Narrow klass base: 0x0000000000000000, Narrow klass shift: 3
Compressed class space size: 1073741824 Address: 0x0000000100000000

Heap:
 PSYoungGen      total 144384K, used 56946K [0x00000000e0000000, 0x00000000e9f80000, 0x0000000100000000)
  eden space 131584K, 33% used [0x00000000e0000000,0x00000000e2b1f178,0x00000000e8080000)
  from space 12800K, 99% used [0x00000000e9300000,0x00000000e9f7d830,0x00000000e9f80000)
  to   space 14336K, 0% used [0x00000000e8380000,0x00000000e8380000,0x00000000e9180000)
 ParOldGen       total 59904K, used 19011K [0x00000000a0000000, 0x00000000a3a80000, 0x00000000e0000000)
  object space 59904K, 31% used [0x00000000a0000000,0x00000000a1290d28,0x00000000a3a80000)
 Metaspace       used 49309K, capacity 50648K, committed 50776K, reserved 1093632K
  class space    used 6647K, capacity 6981K, committed 7040K, reserved 1048576K

Card table byte_map: [0x0000000012530000,0x0000000012840000] byte_map_base: 0x0000000012030000

Marking Bits: (ParMarkBitMap*) 0x0000000071069f30
 Begin Bits: [0x0000000013240000, 0x0000000014a40000)
 End Bits:   [0x0000000014a40000, 0x0000000016240000)

Polling page: 0x0000000001130000

CodeCache: size=245760Kb used=14032Kb max_used=14032Kb free=231727Kb
 bounds [0x0000000003170000, 0x0000000003f30000, 0x0000000012170000]
 total_blobs=4789 nmethods=4023 adapters=679
 compilation: enabled

Compilation events (10 events):
Event: 8.114 Thread 0x0000000018d33000 4388       3       java.lang.invoke.Invokers::checkCustomized (20 bytes)
Event: 8.115 Thread 0x0000000018d33000 nmethod 4388 0x0000000003f2a590 code [0x0000000003f2a700, 0x0000000003f2a9a8]
Event: 8.115 Thread 0x0000000018d33000 4389       3       org.gradle.api.internal.tasks.DefaultTaskContainer_Decorated::getEventRegister (37 bytes)
Event: 8.115 Thread 0x0000000018d33000 nmethod 4389 0x0000000003f2aa90 code [0x0000000003f2ac60, 0x0000000003f2b3e8]
Event: 8.116 Thread 0x0000000018d33000 4390       3       java.util.ArrayDeque::peek (5 bytes)
Event: 8.116 Thread 0x0000000018d33000 nmethod 4390 0x0000000003f2b690 code [0x0000000003f2b800, 0x0000000003f2b9f0]
Event: 8.116 Thread 0x0000000018d33000 4391       3       java.util.ArrayDeque::peekFirst (10 bytes)
Event: 8.116 Thread 0x0000000018d33000 nmethod 4391 0x0000000003f2bb10 code [0x0000000003f2bc60, 0x0000000003f2bdd0]
Event: 8.116 Thread 0x0000000018d33000 4392       3       org.gradle.api.internal.provider.Providers::internal (8 bytes)
Event: 8.116 Thread 0x0000000018d33000 nmethod 4392 0x0000000003f2be90 code [0x0000000003f2c000, 0x0000000003f2c290]

GC Heap History (10 events):
Event: 3.332 GC heap before
{Heap before GC invocations=8 (full 1):
 PSYoungGen      total 76800K, used 66048K [0x00000000e0000000, 0x00000000e5700000, 0x0000000100000000)
  eden space 66048K, 100% used [0x00000000e0000000,0x00000000e4080000,0x00000000e4080000)
  from space 10752K, 0% used [0x00000000e4b80000,0x00000000e4b80000,0x00000000e5600000)
  to   space 11264K, 0% used [0x00000000e4080000,0x00000000e4080000,0x00000000e4b80000)
 ParOldGen       total 59904K, used 9106K [0x00000000a0000000, 0x00000000a3a80000, 0x00000000e0000000)
  object space 59904K, 15% used [0x00000000a0000000,0x00000000a08e48f8,0x00000000a3a80000)
 Metaspace       used 28677K, capacity 29066K, committed 29440K, reserved 1075200K
  class space    used 3854K, capacity 4008K, committed 4096K, reserved 1048576K
Event: 3.338 GC heap after
Heap after GC invocations=8 (full 1):
 PSYoungGen      total 77312K, used 7844K [0x00000000e0000000, 0x00000000e7c00000, 0x0000000100000000)
  eden space 66048K, 0% used [0x00000000e0000000,0x00000000e0000000,0x00000000e4080000)
  from space 11264K, 69% used [0x00000000e4080000,0x00000000e48291d0,0x00000000e4b80000)
  to   space 11264K, 0% used [0x00000000e7100000,0x00000000e7100000,0x00000000e7c00000)
 ParOldGen       total 59904K, used 9114K [0x00000000a0000000, 0x00000000a3a80000, 0x00000000e0000000)
  object space 59904K, 15% used [0x00000000a0000000,0x00000000a08e68f8,0x00000000a3a80000)
 Metaspace       used 28677K, capacity 29066K, committed 29440K, reserved 1075200K
  class space    used 3854K, capacity 4008K, committed 4096K, reserved 1048576K
}
Event: 3.862 GC heap before
{Heap before GC invocations=9 (full 1):
 PSYoungGen      total 77312K, used 73892K [0x00000000e0000000, 0x00000000e7c00000, 0x0000000100000000)
  eden space 66048K, 100% used [0x00000000e0000000,0x00000000e4080000,0x00000000e4080000)
  from space 11264K, 69% used [0x00000000e4080000,0x00000000e48291d0,0x00000000e4b80000)
  to   space 11264K, 0% used [0x00000000e7100000,0x00000000e7100000,0x00000000e7c00000)
 ParOldGen       total 59904K, used 9114K [0x00000000a0000000, 0x00000000a3a80000, 0x00000000e0000000)
  object space 59904K, 15% used [0x00000000a0000000,0x00000000a08e68f8,0x00000000a3a80000)
 Metaspace       used 31561K, capacity 31970K, committed 32128K, reserved 1077248K
  class space    used 4327K, capacity 4464K, committed 4480K, reserved 1048576K
Event: 3.869 GC heap after
Heap after GC invocations=9 (full 1):
 PSYoungGen      total 114688K, used 7928K [0x00000000e0000000, 0x00000000e7b80000, 0x0000000100000000)
  eden space 103936K, 0% used [0x00000000e0000000,0x00000000e0000000,0x00000000e6580000)
  from space 10752K, 73% used [0x00000000e7100000,0x00000000e78be0d8,0x00000000e7b80000)
  to   space 11264K, 0% used [0x00000000e6580000,0x00000000e6580000,0x00000000e7080000)
 ParOldGen       total 59904K, used 9122K [0x00000000a0000000, 0x00000000a3a80000, 0x00000000e0000000)
  object space 59904K, 15% used [0x00000000a0000000,0x00000000a08e88f8,0x00000000a3a80000)
 Metaspace       used 31561K, capacity 31970K, committed 32128K, reserved 1077248K
  class space    used 4327K, capacity 4464K, committed 4480K, reserved 1048576K
}
Event: 5.222 GC heap before
{Heap before GC invocations=10 (full 1):
 PSYoungGen      total 114688K, used 79641K [0x00000000e0000000, 0x00000000e7b80000, 0x0000000100000000)
  eden space 103936K, 68% used [0x00000000e0000000,0x00000000e46083a0,0x00000000e6580000)
  from space 10752K, 73% used [0x00000000e7100000,0x00000000e78be0d8,0x00000000e7b80000)
  to   space 11264K, 0% used [0x00000000e6580000,0x00000000e6580000,0x00000000e7080000)
 ParOldGen       total 59904K, used 9122K [0x00000000a0000000, 0x00000000a3a80000, 0x00000000e0000000)
  object space 59904K, 15% used [0x00000000a0000000,0x00000000a08e88f8,0x00000000a3a80000)
 Metaspace       used 34555K, capacity 35386K, committed 35416K, reserved 1079296K
  class space    used 4764K, capacity 4965K, committed 4992K, reserved 1048576K
Event: 5.231 GC heap after
Heap after GC invocations=10 (full 1):
 PSYoungGen      total 115200K, used 11260K [0x00000000e0000000, 0x00000000e9f80000, 0x0000000100000000)
  eden space 103936K, 0% used [0x00000000e0000000,0x00000000e0000000,0x00000000e6580000)
  from space 11264K, 99% used [0x00000000e6580000,0x00000000e707f288,0x00000000e7080000)
  to   space 12800K, 0% used [0x00000000e9300000,0x00000000e9300000,0x00000000e9f80000)
 ParOldGen       total 59904K, used 9435K [0x00000000a0000000, 0x00000000a3a80000, 0x00000000e0000000)
  object space 59904K, 15% used [0x00000000a0000000,0x00000000a0936c10,0x00000000a3a80000)
 Metaspace       used 34555K, capacity 35386K, committed 35416K, reserved 1079296K
  class space    used 4764K, capacity 4965K, committed 4992K, reserved 1048576K
}
Event: 5.231 GC heap before
{Heap before GC invocations=11 (full 2):
 PSYoungGen      total 115200K, used 11260K [0x00000000e0000000, 0x00000000e9f80000, 0x0000000100000000)
  eden space 103936K, 0% used [0x00000000e0000000,0x00000000e0000000,0x00000000e6580000)
  from space 11264K, 99% used [0x00000000e6580000,0x00000000e707f288,0x00000000e7080000)
  to   space 12800K, 0% used [0x00000000e9300000,0x00000000e9300000,0x00000000e9f80000)
 ParOldGen       total 59904K, used 9435K [0x00000000a0000000, 0x00000000a3a80000, 0x00000000e0000000)
  object space 59904K, 15% used [0x00000000a0000000,0x00000000a0936c10,0x00000000a3a80000)
 Metaspace       used 34555K, capacity 35386K, committed 35416K, reserved 1079296K
  class space    used 4764K, capacity 4965K, committed 4992K, reserved 1048576K
Event: 5.274 GC heap after
Heap after GC invocations=11 (full 2):
 PSYoungGen      total 115200K, used 0K [0x00000000e0000000, 0x00000000e9f80000, 0x0000000100000000)
  eden space 103936K, 0% used [0x00000000e0000000,0x00000000e0000000,0x00000000e6580000)
  from space 11264K, 0% used [0x00000000e6580000,0x00000000e6580000,0x00000000e7080000)
  to   space 12800K, 0% used [0x00000000e9300000,0x00000000e9300000,0x00000000e9f80000)
 ParOldGen       total 59904K, used 18378K [0x00000000a0000000, 0x00000000a3a80000, 0x00000000e0000000)
  object space 59904K, 30% used [0x00000000a0000000,0x00000000a11f2a38,0x00000000a3a80000)
 Metaspace       used 34528K, capacity 35296K, committed 35416K, reserved 1079296K
  class space    used 4756K, capacity 4950K, committed 4992K, reserved 1048576K
}
Event: 7.185 GC heap before
{Heap before GC invocations=12 (full 2):
 PSYoungGen      total 115200K, used 103936K [0x00000000e0000000, 0x00000000e9f80000, 0x0000000100000000)
  eden space 103936K, 100% used [0x00000000e0000000,0x00000000e6580000,0x00000000e6580000)
  from space 11264K, 0% used [0x00000000e6580000,0x00000000e6580000,0x00000000e7080000)
  to   space 12800K, 0% used [0x00000000e9300000,0x00000000e9300000,0x00000000e9f80000)
 ParOldGen       total 59904K, used 18378K [0x00000000a0000000, 0x00000000a3a80000, 0x00000000e0000000)
  object space 59904K, 30% used [0x00000000a0000000,0x00000000a11f2a38,0x00000000a3a80000)
 Metaspace       used 45079K, capacity 46078K, committed 46296K, reserved 1089536K
  class space    used 6049K, capacity 6325K, committed 6400K, reserved 1048576K
Event: 7.196 GC heap after
Heap after GC invocations=12 (full 2):
 PSYoungGen      total 144384K, used 12790K [0x00000000e0000000, 0x00000000e9f80000, 0x0000000100000000)
  eden space 131584K, 0% used [0x00000000e0000000,0x00000000e0000000,0x00000000e8080000)
  from space 12800K, 99% used [0x00000000e9300000,0x00000000e9f7d830,0x00000000e9f80000)
  to   space 14336K, 0% used [0x00000000e8380000,0x00000000e8380000,0x00000000e9180000)
 ParOldGen       total 59904K, used 19011K [0x00000000a0000000, 0x00000000a3a80000, 0x00000000e0000000)
  object space 59904K, 31% used [0x00000000a0000000,0x00000000a1290d28,0x00000000a3a80000)
 Metaspace       used 45079K, capacity 46078K, committed 46296K, reserved 1089536K
  class space    used 6049K, capacity 6325K, committed 6400K, reserved 1048576K
}

Deoptimization events (10 events):
Event: 6.691 Thread 0x000000001b8b1000 Uncommon trap: reason=unstable_if action=reinterpret pc=0x0000000003d25e14 method=java.security.CodeSource.matchCerts(Ljava/security/CodeSource;Z)Z @ 11
Event: 6.711 Thread 0x000000001b8b1000 Uncommon trap: reason=unstable_if action=reinterpret pc=0x0000000003ce88f8 method=java.util.LinkedHashMap.get(Ljava/lang/Object;)Ljava/lang/Object; @ 20
Event: 6.771 Thread 0x000000001b8b1000 Uncommon trap: reason=unstable_if action=reinterpret pc=0x00000000039d26a8 method=org.objectweb.asm.ByteVector.putUTF8(Ljava/lang/String;)Lorg/objectweb/asm/ByteVector; @ 93
Event: 7.172 Thread 0x000000001b8b1000 Uncommon trap: reason=unstable_if action=reinterpret pc=0x0000000003a32554 method=org.gradle.internal.reflect.PropertyAccessorType.of(Ljava/lang/reflect/Method;)Lorg/gradle/internal/reflect/PropertyAccessorType; @ 56
Event: 7.549 Thread 0x000000001b8b1000 Uncommon trap: reason=speculate_class_check action=maybe_recompile pc=0x0000000003ba36a8 method=com.google.common.collect.AbstractIndexedListIterator.next()Ljava/lang/Object; @ 27
Event: 7.549 Thread 0x000000001b8b1000 Uncommon trap: reason=speculate_class_check action=maybe_recompile pc=0x0000000003ba36a8 method=com.google.common.collect.AbstractIndexedListIterator.next()Ljava/lang/Object; @ 27
Event: 7.549 Thread 0x000000001b8b1000 Uncommon trap: reason=speculate_class_check action=maybe_recompile pc=0x0000000003ba36a8 method=com.google.common.collect.AbstractIndexedListIterator.next()Ljava/lang/Object; @ 27
Event: 7.549 Thread 0x000000001b8b1000 Uncommon trap: reason=speculate_class_check action=maybe_recompile pc=0x0000000003ba36a8 method=com.google.common.collect.AbstractIndexedListIterator.next()Ljava/lang/Object; @ 27
Event: 7.574 Thread 0x000000001b8b1000 Uncommon trap: reason=unstable_if action=reinterpret pc=0x0000000003d85ab0 method=org.gradle.internal.instantiation.AbstractClassGenerator$InjectionAnnotationValidator.validateMethod(Ljava/lang/reflect/Method;Lorg/gradle/internal/reflect/PropertyAccessorT
Event: 7.574 Thread 0x000000001b8b1000 Uncommon trap: reason=unstable_if action=reinterpret pc=0x00000000032fe784 method=org.gradle.internal.instantiation.AbstractClassGenerator$InjectionAnnotationValidator.validateMethod(Ljava/lang/reflect/Method;Lorg/gradle/internal/reflect/PropertyAccessorT

Classes redefined (0 events):
No events

Internal exceptions (10 events):
Event: 7.769 Thread 0x000000001b8b1000 Exception <a 'java/lang/ClassNotFoundException': org/gradle/api/internal/file/AbstractFileCollectionBeanInfo> (0x00000000e15e18b8) thrown at [D:\src\AOSP-openjdk-cygwin\jdk8u\hotspot\src\share\vm\classfile\systemDictionary.cpp, line 210]
Event: 7.770 Thread 0x000000001b8b1000 Exception <a 'java/lang/ClassNotFoundException': org/gradle/api/internal/file/AbstractFileCollectionCustomizer> (0x00000000e161f148) thrown at [D:\src\AOSP-openjdk-cygwin\jdk8u\hotspot\src\share\vm\classfile\systemDictionary.cpp, line 210]
Event: 7.772 Thread 0x000000001b8b1000 Exception <a 'java/lang/ClassNotFoundException': org/gradle/api/internal/file/CompositeFileCollectionCustomizer> (0x00000000e166cb30) thrown at [D:\src\AOSP-openjdk-cygwin\jdk8u\hotspot\src\share\vm\classfile\systemDictionary.cpp, line 210]
Event: 7.774 Thread 0x000000001b8b1000 Exception <a 'java/lang/ClassNotFoundException': org/gradle/api/internal/file/CompositeFileTreeCustomizer> (0x00000000e16b6ba0) thrown at [D:\src\AOSP-openjdk-cygwin\jdk8u\hotspot\src\share\vm\classfile\systemDictionary.cpp, line 210]
Event: 7.775 Thread 0x000000001b8b1000 Exception <a 'java/lang/ClassNotFoundException': org/gradle/api/internal/file/collections/DefaultConfigurableFileTreeCustomizer> (0x00000000e170ba08) thrown at [D:\src\AOSP-openjdk-cygwin\jdk8u\hotspot\src\share\vm\classfile\systemDictionary.cpp, line 210
Event: 7.961 Thread 0x000000001b8b1000 Exception <a 'java/lang/ClassNotFoundException': org/gradle/api/plugins/internal/DefaultBasePluginConventionBeanInfo> (0x00000000e219e050) thrown at [D:\src\AOSP-openjdk-cygwin\jdk8u\hotspot\src\share\vm\classfile\systemDictionary.cpp, line 210]
Event: 7.961 Thread 0x000000001b8b1000 Exception <a 'java/lang/ClassNotFoundException': org/gradle/api/plugins/BasePluginConventionBeanInfo> (0x00000000e21c8748) thrown at [D:\src\AOSP-openjdk-cygwin\jdk8u\hotspot\src\share\vm\classfile\systemDictionary.cpp, line 210]
Event: 7.961 Thread 0x000000001b8b1000 Exception <a 'java/lang/ClassNotFoundException': org/gradle/api/plugins/BasePluginConventionCustomizer> (0x00000000e21f34e8) thrown at [D:\src\AOSP-openjdk-cygwin\jdk8u\hotspot\src\share\vm\classfile\systemDictionary.cpp, line 210]
Event: 7.962 Thread 0x000000001b8b1000 Exception <a 'java/lang/ClassNotFoundException': org/gradle/api/plugins/internal/DefaultBasePluginConventionCustomizer> (0x00000000e2238258) thrown at [D:\src\AOSP-openjdk-cygwin\jdk8u\hotspot\src\share\vm\classfile\systemDictionary.cpp, line 210]
Event: 7.969 Thread 0x000000001b8b1000 Exception <a 'java/lang/NoSuchMethodError': java.lang.Object.lambda$comparingInt$7b0bb60$1(Ljava/util/function/ToIntFunction;Ljava/lang/Object;Ljava/lang/Object;)I> (0x00000000e22beeb8) thrown at [D:\src\AOSP-openjdk-cygwin\jdk8u\hotspot\src\share\vm\inte

Events (10 events):
Event: 8.114 loading class com/android/ide/common/process/ProcessExecutor
Event: 8.114 loading class com/android/ide/common/process/ProcessExecutor done
Event: 8.114 loading class com/android/build/gradle/tasks/ShaderCompile
Event: 8.114 loading class com/android/build/gradle/tasks/ShaderCompile done
Event: 8.114 loading class kotlin/jvm/functions/Function1
Event: 8.114 loading class kotlin/jvm/functions/Function1 done
Event: 8.115 loading class com/android/build/gradle/tasks/MergeSourceSetFolders$MergeAssetBaseCreationAction$handleProvider$1
Event: 8.115 loading class com/android/build/gradle/tasks/MergeSourceSetFolders$MergeAssetBaseCreationAction$handleProvider$1 done
Event: 8.117 loading class com/android/build/gradle/internal/res/LinkApplicationAndroidResourcesTask
Event: 8.117 loading class com/android/build/gradle/internal/res/LinkApplicationAndroidResourcesTask done


Dynamic libraries:
0x00007ff75b640000 - 0x00007ff75b671000 	C:\Program Files\Android\Android Studio\jre\bin\java.exe
0x00007ffbc3c00000 - 0x00007ffbc3df0000 	C:\WINDOWS\SYSTEM32\ntdll.dll
0x00007ffbc3360000 - 0x00007ffbc3412000 	C:\WINDOWS\System32\KERNEL32.DLL
0x00007ffbc1880000 - 0x00007ffbc1b23000 	C:\WINDOWS\System32\KERNELBASE.dll
0x00007ffbc2680000 - 0x00007ffbc2723000 	C:\WINDOWS\System32\ADVAPI32.dll
0x00007ffbc20e0000 - 0x00007ffbc217e000 	C:\WINDOWS\System32\msvcrt.dll
0x00007ffbc30f0000 - 0x00007ffbc3187000 	C:\WINDOWS\System32\sechost.dll
0x00007ffbc34e0000 - 0x00007ffbc3600000 	C:\WINDOWS\System32\RPCRT4.dll
0x00007ffbc2f50000 - 0x00007ffbc30e4000 	C:\WINDOWS\System32\USER32.dll
0x00007ffbc1b30000 - 0x00007ffbc1b51000 	C:\WINDOWS\System32\win32u.dll
0x00007ffbc3440000 - 0x00007ffbc3466000 	C:\WINDOWS\System32\GDI32.dll
0x00007ffbc1430000 - 0x00007ffbc15c4000 	C:\WINDOWS\System32\gdi32full.dll
0x00007ffbc1630000 - 0x00007ffbc16ce000 	C:\WINDOWS\System32\msvcp_win.dll
0x00007ffbc1780000 - 0x00007ffbc187a000 	C:\WINDOWS\System32\ucrtbase.dll
0x00007ffbaaa60000 - 0x00007ffbaace5000 	C:\WINDOWS\WinSxS\amd64_microsoft.windows.common-controls_6595b64144ccf1df_6.0.18362.720_none_e6beb5c51314836b\COMCTL32.dll
0x00007ffbc2270000 - 0x00007ffbc25a6000 	C:\WINDOWS\System32\combase.dll
0x00007ffbc16d0000 - 0x00007ffbc1750000 	C:\WINDOWS\System32\bcryptPrimitives.dll
0x00007ffbc3b90000 - 0x00007ffbc3bbe000 	C:\WINDOWS\System32\IMM32.DLL
0x00000000703d0000 - 0x00000000704a2000 	C:\Program Files\Android\Android Studio\jre\jre\bin\msvcr100.dll
0x00000000708a0000 - 0x00000000710e6000 	C:\Program Files\Android\Android Studio\jre\jre\bin\server\jvm.dll
0x00007ffbc2260000 - 0x00007ffbc2268000 	C:\WINDOWS\System32\PSAPI.DLL
0x00007ffbabd20000 - 0x00007ffbabd29000 	C:\WINDOWS\SYSTEM32\WSOCK32.dll
0x00007ffbbd700000 - 0x00007ffbbd724000 	C:\WINDOWS\SYSTEM32\WINMM.dll
0x00007ffbbf8a0000 - 0x00007ffbbf8aa000 	C:\WINDOWS\SYSTEM32\VERSION.dll
0x00007ffbc3470000 - 0x00007ffbc34df000 	C:\WINDOWS\System32\WS2_32.dll
0x00007ffbbd6d0000 - 0x00007ffbbd6fd000 	C:\WINDOWS\SYSTEM32\WINMMBASE.dll
0x00007ffbc1330000 - 0x00007ffbc137a000 	C:\WINDOWS\System32\cfgmgr32.dll
0x00007ffbbd5b0000 - 0x00007ffbbd5bf000 	C:\Program Files\Android\Android Studio\jre\jre\bin\verify.dll
0x00007ffbbc1a0000 - 0x00007ffbbc1c9000 	C:\Program Files\Android\Android Studio\jre\jre\bin\java.dll
0x00007ffbbd590000 - 0x00007ffbbd5a6000 	C:\Program Files\Android\Android Studio\jre\jre\bin\zip.dll
0x00007ffbc27b0000 - 0x00007ffbc2e95000 	C:\WINDOWS\System32\SHELL32.dll
0x00007ffbc3ad0000 - 0x00007ffbc3b79000 	C:\WINDOWS\System32\shcore.dll
0x00007ffbc0b90000 - 0x00007ffbc1310000 	C:\WINDOWS\System32\windows.storage.dll
0x00007ffbc0b40000 - 0x00007ffbc0b63000 	C:\WINDOWS\System32\profapi.dll
0x00007ffbc0af0000 - 0x00007ffbc0b3a000 	C:\WINDOWS\System32\powrprof.dll
0x00007ffbc0ac0000 - 0x00007ffbc0ad0000 	C:\WINDOWS\System32\UMPDC.dll
0x00007ffbc2200000 - 0x00007ffbc2252000 	C:\WINDOWS\System32\shlwapi.dll
0x00007ffbc0ad0000 - 0x00007ffbc0ae1000 	C:\WINDOWS\System32\kernel.appcore.dll
0x00007ffbc1310000 - 0x00007ffbc1327000 	C:\WINDOWS\System32\cryptsp.dll
0x00007ffbb59c0000 - 0x00007ffbb59da000 	C:\Program Files\Android\Android Studio\jre\jre\bin\net.dll
0x00007ffbafb90000 - 0x00007ffbafd65000 	C:\WINDOWS\SYSTEM32\urlmon.dll
0x00007ffbafe90000 - 0x00007ffbb0136000 	C:\WINDOWS\SYSTEM32\iertutil.dll
0x00007ffbc04a0000 - 0x00007ffbc04ac000 	C:\WINDOWS\SYSTEM32\CRYPTBASE.DLL
0x00007ffbc02d0000 - 0x00007ffbc0337000 	C:\WINDOWS\system32\mswsock.dll
0x00007ffbb5340000 - 0x00007ffbb5353000 	C:\Program Files\Android\Android Studio\jre\jre\bin\nio.dll
0x00007ffbb24e0000 - 0x00007ffbb2506000 	C:\Users\saksh\.gradle\native\30\windows-amd64\native-platform.dll
0x00007ffbba630000 - 0x00007ffbba63d000 	C:\Program Files\Android\Android Studio\jre\jre\bin\management.dll
0x00007ffbbfe40000 - 0x00007ffbbfe73000 	C:\WINDOWS\system32\rsaenh.dll
0x00007ffbc1750000 - 0x00007ffbc1776000 	C:\WINDOWS\System32\bcrypt.dll
0x00007ffbc09e0000 - 0x00007ffbc0a05000 	C:\WINDOWS\SYSTEM32\USERENV.dll
0x00007ffbbffe0000 - 0x00007ffbc001a000 	C:\WINDOWS\SYSTEM32\IPHLPAPI.DLL
0x00007ffbc3b80000 - 0x00007ffbc3b88000 	C:\WINDOWS\System32\NSI.dll
0x00007ffbb4e80000 - 0x00007ffbb4e96000 	C:\WINDOWS\SYSTEM32\dhcpcsvc6.DLL
0x00007ffbb5570000 - 0x00007ffbb558c000 	C:\WINDOWS\SYSTEM32\dhcpcsvc.DLL
0x00007ffbc0030000 - 0x00007ffbc00fa000 	C:\WINDOWS\SYSTEM32\DNSAPI.dll

VM Arguments:
jvm_args: -Xmx1536m -Dfile.encoding=windows-1252 -Duser.country=IN -Duser.language=en -Duser.variant 
java_command: org.gradle.launcher.daemon.bootstrap.GradleDaemon 5.6.4
java_class_path (initial): C:\Users\saksh\.gradle\wrapper\dists\gradle-5.6.4-all\ankdp27end7byghfw1q2sw75f\gradle-5.6.4\lib\gradle-launcher-5.6.4.jar
Launcher Type: SUN_STANDARD

Environment Variables:
PATH=C:\app\saksh\product\11.2.0\dbhome_2\bin;C:\Program Files (x86)\Common Files\Oracle\Java\javapath;C:\Program Files (x86)\Intel\iCLS Client\;C:\Program Files\Intel\iCLS Client\;C:\WINDOWS\system32;C:\WINDOWS;C:\WINDOWS\System32\Wbem;C:\WINDOWS\System32\WindowsPowerShell\v1.0\;C:\WINDOWS\System32\OpenSSH\;C:\Program Files (x86)\Intel\Intel(R) Management Engine Components\DAL;C:\Program Files\Intel\Intel(R) Management Engine Components\DAL;C:\Program Files (x86)\Intel\Intel(R) Management Engine Components\IPT;C:\Program Files\Intel\Intel(R) Management Engine Components\IPT;C:\Program Files\PuTTY\;C:\Program Files\nodejs\;C:\Program Files\Git\cmd;C:\Users\saksh\AppData\Local\Microsoft\WindowsApps;C:\Users\saksh\instantclient-basiclite-windows.x64-19.3.0.0.0dbru;C:\Users\saksh\AppData\Roaming\npm
USERNAME=saksh
OS=Windows_NT
PROCESSOR_IDENTIFIER=Intel64 Family 6 Model 142 Stepping 10, GenuineIntel



---------------  S Y S T E M  ---------------

OS: Windows 10.0 , 64 bit Build 18362 (10.0.18362.329)

CPU:total 8 (initial active 8) (4 cores per cpu, 2 threads per core) family 6 model 142 stepping 10, cmov, cx8, fxsr, mmx, sse, sse2, sse3, ssse3, sse4.1, sse4.2, popcnt, avx, avx2, aes, clmul, erms, 3dnowpref, lzcnt, ht, tsc, tscinvbit, bmi1, bmi2, adx

Memory: 4k page, physical 8295652k(1671956k free), swap 8295652k(5120k free)

vm_info: OpenJDK 64-Bit Server VM (25.212-b04) for windows-amd64 JRE (1.8.0_212-release-1586-b04), built by "builder" with MS VC++ 10.0 (VS2010)

time: Wed Apr 15 03:04:01 2020
timezone: India Standard Time
elapsed time: 8 seconds (0d 0h 0m 8s)

