#
# There is insufficient memory for the Java Runtime Environment to continue.
# Native memory allocation (malloc) failed to allocate 1860560 bytes for Chunk::new
# Possible reasons:
#   The system is out of physical RAM or swap space
#   The process is running with CompressedOops enabled, and the Java Heap may be blocking the growth of the native heap
# Possible solutions:
#   Reduce memory load on the system
#   Increase physical memory or swap space
#   Check if swap backing store is full
#   Decrease Java heap size (-Xmx/-Xms)
#   Decrease number of Java threads
#   Decrease Java thread stack sizes (-Xss)
#   Set larger code cache with -XX:ReservedCodeCacheSize=
#   JVM is running with Unscaled Compressed Oops mode in which the Java heap is
#     placed in the first 4GB address space. The Java Heap base address is the
#     maximum limit for the native heap growth. Please use -XX:HeapBaseMinAddress
#     to set the Java Heap base and to place the Java Heap above 4GB virtual address.
# This output file may be truncated or incomplete.
#
#  Out of Memory Error (allocation.cpp:389), pid=12896, tid=0x0000000000000844
#
# JRE version: OpenJDK Runtime Environment (8.0_212-b04) (build 1.8.0_212-release-1586-b04)
# Java VM: OpenJDK 64-Bit Server VM (25.212-b04 mixed mode windows-amd64 compressed oops)
# Failed to write core dump. Minidumps are not enabled by default on client versions of Windows
#

---------------  T H R E A D  ---------------

Current thread (0x0000000018822800):  JavaThread "C2 CompilerThread1" daemon [_thread_in_native, id=2116, stack(0x00000000191f0000,0x00000000192f0000)]

Stack: [0x00000000191f0000,0x00000000192f0000]
[error occurred during error reporting (printing stack bounds), id 0xc0000005]

Native frames: (J=compiled Java code, j=interpreted, Vv=VM code, C=native code)


Current CompileTask:
C2:   5607 4202       4       com.sun.beans.TypeResolver::resolve (37 bytes)


---------------  P R O C E S S  ---------------

Java Threads: ( => current thread )
  0x0000000021aa7000 JavaThread "Cache worker for Build Output Cleanup Cache (C:\Users\saksh\AndroidStudioProjects\ipscanner\.gradle\buildOutputCleanup)" [_thread_blocked, id=2744, stack(0x0000000023a80000,0x0000000023b80000)]
  0x0000000021aae000 JavaThread "pool-1-thread-1" [_thread_blocked, id=14188, stack(0x0000000023780000,0x0000000023880000)]
  0x0000000021aac800 JavaThread "Build operations Thread 8" [_thread_blocked, id=9360, stack(0x0000000023680000,0x0000000023780000)]
  0x0000000021aa5000 JavaThread "Build operations Thread 7" [_thread_blocked, id=16160, stack(0x0000000023580000,0x0000000023680000)]
  0x0000000021aa6800 JavaThread "Build operations Thread 6" [_thread_blocked, id=10780, stack(0x0000000023480000,0x0000000023580000)]
  0x0000000021aa9800 JavaThread "Build operations Thread 5" [_thread_blocked, id=14324, stack(0x0000000023380000,0x0000000023480000)]
  0x0000000021aab000 JavaThread "Build operations Thread 4" [_thread_blocked, id=5996, stack(0x0000000023280000,0x0000000023380000)]
  0x0000000021aa8800 JavaThread "Build operations Thread 3" [_thread_blocked, id=15300, stack(0x0000000023180000,0x0000000023280000)]
  0x0000000021aab800 JavaThread "Build operations Thread 2" [_thread_blocked, id=10388, stack(0x0000000023080000,0x0000000023180000)]
  0x0000000021aaa000 JavaThread "Build operations" [_thread_blocked, id=6936, stack(0x0000000022f80000,0x0000000023080000)]
  0x0000000019983800 JavaThread "Cache worker for execution history cache (C:\Users\saksh\.gradle\caches\5.6.4\executionHistory)" [_thread_blocked, id=12388, stack(0x0000000021850000,0x0000000021950000)]
  0x0000000019981000 JavaThread "Cache worker for cache directory md-rule (C:\Users\saksh\.gradle\caches\5.6.4\md-rule)" [_thread_blocked, id=8564, stack(0x0000000021750000,0x0000000021850000)]
  0x0000000019982800 JavaThread "Cache worker for cache directory md-supplier (C:\Users\saksh\.gradle\caches\5.6.4\md-supplier)" [_thread_blocked, id=4860, stack(0x0000000021650000,0x0000000021750000)]
  0x000000001997e000 JavaThread "Cache worker for file hash cache (C:\Users\saksh\AndroidStudioProjects\ipscanner\.gradle\5.6.4\fileHashes)" [_thread_blocked, id=14836, stack(0x000000001d710000,0x000000001d810000)]
  0x0000000019984000 JavaThread "Cache worker for journal cache (C:\Users\saksh\.gradle\caches\journal-1)" [_thread_blocked, id=10516, stack(0x000000001d410000,0x000000001d510000)]
  0x0000000019982000 JavaThread "File lock request listener" [_thread_in_native, id=5292, stack(0x000000001d310000,0x000000001d410000)]
  0x000000001ac07000 JavaThread "Cache worker for file hash cache (C:\Users\saksh\.gradle\caches\5.6.4\fileHashes)" [_thread_blocked, id=7372, stack(0x000000001d210000,0x000000001d310000)]
  0x000000001b153800 JavaThread "Thread-9" [_thread_blocked, id=13920, stack(0x000000001d110000,0x000000001d210000)]
  0x000000001b156000 JavaThread "Stdin handler" [_thread_blocked, id=8236, stack(0x000000001d010000,0x000000001d110000)]
  0x000000001b181800 JavaThread "Asynchronous log dispatcher for DefaultDaemonConnection: socket connection from /127.0.0.1:51655 to /127.0.0.1:51656" [_thread_blocked, id=12924, stack(0x000000001ce10000,0x000000001cf10000)]
  0x000000001b17f000 JavaThread "Daemon worker" [_thread_in_vm, id=16112, stack(0x000000001cd10000,0x000000001ce10000)]
  0x000000001b15f000 JavaThread "Cancel handler" [_thread_blocked, id=14628, stack(0x000000001cc10000,0x000000001cd10000)]
  0x000000001b10d800 JavaThread "Handler for socket connection from /127.0.0.1:51655 to /127.0.0.1:51656" [_thread_in_native, id=15684, stack(0x000000001c910000,0x000000001ca10000)]
  0x000000001b0ef000 JavaThread "Daemon" [_thread_blocked, id=5604, stack(0x000000001c810000,0x000000001c910000)]
  0x000000001b0ea000 JavaThread "Daemon periodic checks" [_thread_blocked, id=10788, stack(0x000000001c710000,0x000000001c810000)]
  0x000000001b0fa800 JavaThread "Incoming local TCP Connector on port 51655" [_thread_in_native, id=9932, stack(0x000000001c4d0000,0x000000001c5d0000)]
  0x0000000018ac1800 JavaThread "Daemon health stats" [_thread_blocked, id=3036, stack(0x000000001be90000,0x000000001bf90000)]
  0x00000000188bf800 JavaThread "Service Thread" daemon [_thread_blocked, id=9100, stack(0x00000000194f0000,0x00000000195f0000)]
  0x0000000018827000 JavaThread "C1 CompilerThread3" daemon [_thread_blocked, id=5908, stack(0x00000000193f0000,0x00000000194f0000)]
  0x0000000016a2a800 JavaThread "C2 CompilerThread2" daemon [_thread_in_native, id=12424, stack(0x00000000192f0000,0x00000000193f0000)]
=>0x0000000018822800 JavaThread "C2 CompilerThread1" daemon [_thread_in_native, id=2116, stack(0x00000000191f0000,0x00000000192f0000)]
  0x000000001881f800 JavaThread "C2 CompilerThread0" daemon [_thread_in_native, id=4800, stack(0x00000000190f0000,0x00000000191f0000)]
  0x000000001881a800 JavaThread "Attach Listener" daemon [_thread_blocked, id=15348, stack(0x0000000018ff0000,0x00000000190f0000)]
  0x0000000018826000 JavaThread "Signal Dispatcher" daemon [_thread_blocked, id=7096, stack(0x0000000018ef0000,0x0000000018ff0000)]
  0x0000000018810800 JavaThread "Finalizer" daemon [_thread_blocked, id=5800, stack(0x0000000018cf0000,0x0000000018df0000)]
  0x0000000002c56800 JavaThread "Reference Handler" daemon [_thread_blocked, id=15860, stack(0x0000000018bf0000,0x0000000018cf0000)]
  0x000000000124e800 JavaThread "main" [_thread_blocked, id=6828, stack(0x0000000002a60000,0x0000000002b60000)]

Other Threads:
  0x0000000016a17800 VMThread [stack: 0x00000000186f0000,0x00000000187f0000] [id=15720]
  0x00000000188c0800 WatcherThread [stack: 0x00000000195f0000,0x00000000196f0000] [id=13832]

VM state:not at safepoint (normal execution)

VM Mutex/Monitor currently owned by a thread: None

heap address: 0x00000000a0000000, size: 1536 MB, Compressed Oops mode: 32-bit
Narrow klass base: 0x0000000000000000, Narrow klass shift: 3
Compressed class space size: 1073741824 Address: 0x0000000100000000

Heap:
 PSYoungGen      total 141312K, used 76731K [0x00000000e0000000, 0x00000000ea080000, 0x0000000100000000)
  eden space 128512K, 49% used [0x00000000e0000000,0x00000000e3e70750,0x00000000e7d80000)
  from space 12800K, 99% used [0x00000000e9400000,0x00000000ea07e5c8,0x00000000ea080000)
  to   space 14848K, 0% used [0x00000000e8380000,0x00000000e8380000,0x00000000e9200000)
 ParOldGen       total 61952K, used 19500K [0x00000000a0000000, 0x00000000a3c80000, 0x00000000e0000000)
  object space 61952K, 31% used [0x00000000a0000000,0x00000000a130b228,0x00000000a3c80000)
 Metaspace       used 51070K, capacity 52562K, committed 52736K, reserved 1095680K
  class space    used 6963K, capacity 7340K, committed 7424K, reserved 1048576K

Card table byte_map: [0x0000000012020000,0x0000000012330000] byte_map_base: 0x0000000011b20000

Marking Bits: (ParMarkBitMap*) 0x0000000071069f30
 Begin Bits: [0x0000000012d30000, 0x0000000014530000)
 End Bits:   [0x0000000014530000, 0x0000000015d30000)

Polling page: 0x0000000000c60000

CodeCache: size=245760Kb used=13191Kb max_used=14533Kb free=232568Kb
 bounds [0x0000000002c60000, 0x0000000003aa0000, 0x0000000011c60000]
 total_blobs=4786 nmethods=4016 adapters=683
 compilation: enabled

Compilation events (10 events):
Event: 5.558 Thread 0x0000000018827000 4554       3       sun.reflect.generics.parser.SignatureParser::parseZeroOrMoreThrowsSignatures (51 bytes)
Event: 5.558 Thread 0x0000000018827000 nmethod 4554 0x00000000032ab510 code [0x00000000032ab720, 0x00000000032ac1e8]
Event: 5.559 Thread 0x0000000018827000 4556       3       sun.reflect.generics.parser.SignatureParser::parseZeroOrMoreTypeSignatures (174 bytes)
Event: 5.559 Thread 0x0000000018827000 nmethod 4556 0x0000000002e3c590 code [0x0000000002e3c7c0, 0x0000000002e3d4f8]
Event: 5.559 Thread 0x0000000018827000 4557       3       org.objectweb.asm.ClassWriter::toByteArray (1281 bytes)
Event: 5.563 Thread 0x0000000018827000 nmethod 4557 0x00000000031af310 code [0x00000000031afae0, 0x00000000031b44c8]
Event: 5.577 Thread 0x0000000018827000 4558       1       org.codehaus.groovy.runtime.metaclass.MetaClassRegistryImpl::getMetaClassCreationHandler (5 bytes)
Event: 5.577 Thread 0x0000000018827000 nmethod 4558 0x00000000034bd810 code [0x00000000034bd960, 0x00000000034bda70]
Event: 5.578 Thread 0x0000000018827000 4559       3       org.codehaus.groovy.runtime.metaclass.MetaMethodIndex::resize (103 bytes)
Event: 5.578 Thread 0x0000000018827000 nmethod 4559 0x0000000003138d10 code [0x0000000003138ea0, 0x00000000031393b0]

GC Heap History (10 events):
Event: 2.983 GC heap before
{Heap before GC invocations=8 (full 1):
 PSYoungGen      total 76800K, used 66048K [0x00000000e0000000, 0x00000000e5700000, 0x0000000100000000)
  eden space 66048K, 100% used [0x00000000e0000000,0x00000000e4080000,0x00000000e4080000)
  from space 10752K, 0% used [0x00000000e4b80000,0x00000000e4b80000,0x00000000e5600000)
  to   space 11264K, 0% used [0x00000000e4080000,0x00000000e4080000,0x00000000e4b80000)
 ParOldGen       total 61952K, used 9617K [0x00000000a0000000, 0x00000000a3c80000, 0x00000000e0000000)
  object space 61952K, 15% used [0x00000000a0000000,0x00000000a09646c0,0x00000000a3c80000)
 Metaspace       used 29013K, capacity 29556K, committed 29952K, reserved 1075200K
  class space    used 3909K, capacity 4067K, committed 4096K, reserved 1048576K
Event: 2.990 GC heap after
Heap after GC invocations=8 (full 1):
 PSYoungGen      total 77312K, used 8180K [0x00000000e0000000, 0x00000000e7b80000, 0x0000000100000000)
  eden space 66048K, 0% used [0x00000000e0000000,0x00000000e0000000,0x00000000e4080000)
  from space 11264K, 72% used [0x00000000e4080000,0x00000000e487d0e0,0x00000000e4b80000)
  to   space 11776K, 0% used [0x00000000e7000000,0x00000000e7000000,0x00000000e7b80000)
 ParOldGen       total 61952K, used 9625K [0x00000000a0000000, 0x00000000a3c80000, 0x00000000e0000000)
  object space 61952K, 15% used [0x00000000a0000000,0x00000000a09666c0,0x00000000a3c80000)
 Metaspace       used 29013K, capacity 29556K, committed 29952K, reserved 1075200K
  class space    used 3909K, capacity 4067K, committed 4096K, reserved 1048576K
}
Event: 3.373 GC heap before
{Heap before GC invocations=9 (full 1):
 PSYoungGen      total 77312K, used 74228K [0x00000000e0000000, 0x00000000e7b80000, 0x0000000100000000)
  eden space 66048K, 100% used [0x00000000e0000000,0x00000000e4080000,0x00000000e4080000)
  from space 11264K, 72% used [0x00000000e4080000,0x00000000e487d0e0,0x00000000e4b80000)
  to   space 11776K, 0% used [0x00000000e7000000,0x00000000e7000000,0x00000000e7b80000)
 ParOldGen       total 61952K, used 9625K [0x00000000a0000000, 0x00000000a3c80000, 0x00000000e0000000)
  object space 61952K, 15% used [0x00000000a0000000,0x00000000a09666c0,0x00000000a3c80000)
 Metaspace       used 32038K, capacity 32524K, committed 32768K, reserved 1077248K
  class space    used 4396K, capacity 4587K, committed 4608K, reserved 1048576K
Event: 3.380 GC heap after
Heap after GC invocations=9 (full 1):
 PSYoungGen      total 114688K, used 8451K [0x00000000e0000000, 0x00000000e7c80000, 0x0000000100000000)
  eden space 102912K, 0% used [0x00000000e0000000,0x00000000e0000000,0x00000000e6480000)
  from space 11776K, 71% used [0x00000000e7000000,0x00000000e7840d08,0x00000000e7b80000)
  to   space 11776K, 0% used [0x00000000e6480000,0x00000000e6480000,0x00000000e7000000)
 ParOldGen       total 61952K, used 9633K [0x00000000a0000000, 0x00000000a3c80000, 0x00000000e0000000)
  object space 61952K, 15% used [0x00000000a0000000,0x00000000a09686c0,0x00000000a3c80000)
 Metaspace       used 32038K, capacity 32524K, committed 32768K, reserved 1077248K
  class space    used 4396K, capacity 4587K, committed 4608K, reserved 1048576K
}
Event: 3.878 GC heap before
{Heap before GC invocations=10 (full 1):
 PSYoungGen      total 114688K, used 69978K [0x00000000e0000000, 0x00000000e7c80000, 0x0000000100000000)
  eden space 102912K, 59% used [0x00000000e0000000,0x00000000e3c15c18,0x00000000e6480000)
  from space 11776K, 71% used [0x00000000e7000000,0x00000000e7840d08,0x00000000e7b80000)
  to   space 11776K, 0% used [0x00000000e6480000,0x00000000e6480000,0x00000000e7000000)
 ParOldGen       total 61952K, used 9633K [0x00000000a0000000, 0x00000000a3c80000, 0x00000000e0000000)
  object space 61952K, 15% used [0x00000000a0000000,0x00000000a09686c0,0x00000000a3c80000)
 Metaspace       used 34555K, capacity 35422K, committed 35456K, reserved 1079296K
  class space    used 4751K, capacity 4970K, committed 4992K, reserved 1048576K
Event: 3.886 GC heap after
Heap after GC invocations=10 (full 1):
 PSYoungGen      total 114688K, used 10744K [0x00000000e0000000, 0x00000000ea080000, 0x0000000100000000)
  eden space 102912K, 0% used [0x00000000e0000000,0x00000000e0000000,0x00000000e6480000)
  from space 11776K, 91% used [0x00000000e6480000,0x00000000e6efe0a0,0x00000000e7000000)
  to   space 12800K, 0% used [0x00000000e9400000,0x00000000e9400000,0x00000000ea080000)
 ParOldGen       total 61952K, used 9641K [0x00000000a0000000, 0x00000000a3c80000, 0x00000000e0000000)
  object space 61952K, 15% used [0x00000000a0000000,0x00000000a096a6c0,0x00000000a3c80000)
 Metaspace       used 34555K, capacity 35422K, committed 35456K, reserved 1079296K
  class space    used 4751K, capacity 4970K, committed 4992K, reserved 1048576K
}
Event: 3.886 GC heap before
{Heap before GC invocations=11 (full 2):
 PSYoungGen      total 114688K, used 10744K [0x00000000e0000000, 0x00000000ea080000, 0x0000000100000000)
  eden space 102912K, 0% used [0x00000000e0000000,0x00000000e0000000,0x00000000e6480000)
  from space 11776K, 91% used [0x00000000e6480000,0x00000000e6efe0a0,0x00000000e7000000)
  to   space 12800K, 0% used [0x00000000e9400000,0x00000000e9400000,0x00000000ea080000)
 ParOldGen       total 61952K, used 9641K [0x00000000a0000000, 0x00000000a3c80000, 0x00000000e0000000)
  object space 61952K, 15% used [0x00000000a0000000,0x00000000a096a6c0,0x00000000a3c80000)
 Metaspace       used 34555K, capacity 35422K, committed 35456K, reserved 1079296K
  class space    used 4751K, capacity 4970K, committed 4992K, reserved 1048576K
Event: 3.934 GC heap after
Heap after GC invocations=11 (full 2):
 PSYoungGen      total 114688K, used 0K [0x00000000e0000000, 0x00000000ea080000, 0x0000000100000000)
  eden space 102912K, 0% used [0x00000000e0000000,0x00000000e0000000,0x00000000e6480000)
  from space 11776K, 0% used [0x00000000e6480000,0x00000000e6480000,0x00000000e7000000)
  to   space 12800K, 0% used [0x00000000e9400000,0x00000000e9400000,0x00000000ea080000)
 ParOldGen       total 61952K, used 17635K [0x00000000a0000000, 0x00000000a3c80000, 0x00000000e0000000)
  object space 61952K, 28% used [0x00000000a0000000,0x00000000a1138ed8,0x00000000a3c80000)
 Metaspace       used 34528K, capacity 35332K, committed 35456K, reserved 1079296K
  class space    used 4743K, capacity 4955K, committed 4992K, reserved 1048576K
}
Event: 4.899 GC heap before
{Heap before GC invocations=12 (full 2):
 PSYoungGen      total 114688K, used 102912K [0x00000000e0000000, 0x00000000ea080000, 0x0000000100000000)
  eden space 102912K, 100% used [0x00000000e0000000,0x00000000e6480000,0x00000000e6480000)
  from space 11776K, 0% used [0x00000000e6480000,0x00000000e6480000,0x00000000e7000000)
  to   space 12800K, 0% used [0x00000000e9400000,0x00000000e9400000,0x00000000ea080000)
 ParOldGen       total 61952K, used 17635K [0x00000000a0000000, 0x00000000a3c80000, 0x00000000e0000000)
  object space 61952K, 28% used [0x00000000a0000000,0x00000000a1138ed8,0x00000000a3c80000)
 Metaspace       used 44845K, capacity 45842K, committed 46080K, reserved 1089536K
  class space    used 6029K, capacity 6315K, committed 6400K, reserved 1048576K
Event: 4.910 GC heap after
Heap after GC invocations=12 (full 2):
 PSYoungGen      total 141312K, used 12793K [0x00000000e0000000, 0x00000000ea080000, 0x0000000100000000)
  eden space 128512K, 0% used [0x00000000e0000000,0x00000000e0000000,0x00000000e7d80000)
  from space 12800K, 99% used [0x00000000e9400000,0x00000000ea07e5c8,0x00000000ea080000)
  to   space 14848K, 0% used [0x00000000e8380000,0x00000000e8380000,0x00000000e9200000)
 ParOldGen       total 61952K, used 19500K [0x00000000a0000000, 0x00000000a3c80000, 0x00000000e0000000)
  object space 61952K, 31% used [0x00000000a0000000,0x00000000a130b228,0x00000000a3c80000)
 Metaspace       used 44845K, capacity 45842K, committed 46080K, reserved 1089536K
  class space    used 6029K, capacity 6315K, committed 6400K, reserved 1048576K
}

Deoptimization events (10 events):
Event: 5.088 Thread 0x000000001b17f000 Uncommon trap: reason=speculate_class_check action=maybe_recompile pc=0x00000000036cf028 method=com.google.common.collect.AbstractIndexedListIterator.next()Ljava/lang/Object; @ 27
Event: 5.088 Thread 0x000000001b17f000 Uncommon trap: reason=speculate_class_check action=maybe_recompile pc=0x00000000036cf028 method=com.google.common.collect.AbstractIndexedListIterator.next()Ljava/lang/Object; @ 27
Event: 5.088 Thread 0x000000001b17f000 Uncommon trap: reason=speculate_class_check action=maybe_recompile pc=0x00000000036cf028 method=com.google.common.collect.AbstractIndexedListIterator.next()Ljava/lang/Object; @ 27
Event: 5.100 Thread 0x000000001b17f000 Uncommon trap: reason=unstable_if action=reinterpret pc=0x0000000003877bf0 method=org.gradle.internal.instantiation.AbstractClassGenerator$InjectionAnnotationValidator.validateMethod(Ljava/lang/reflect/Method;Lorg/gradle/internal/reflect/PropertyAccessorT
Event: 5.100 Thread 0x000000001b17f000 Uncommon trap: reason=unstable_if action=reinterpret pc=0x00000000039139bc method=org.gradle.internal.instantiation.AbstractClassGenerator$InjectionAnnotationValidator.validateMethod(Ljava/lang/reflect/Method;Lorg/gradle/internal/reflect/PropertyAccessorT
Event: 5.155 Thread 0x000000001b17f000 Uncommon trap: reason=bimorphic action=maybe_recompile pc=0x000000000347a678 method=java.util.WeakHashMap.eq(Ljava/lang/Object;Ljava/lang/Object;)Z @ 7
Event: 5.209 Thread 0x000000001b17f000 Uncommon trap: reason=unstable_if action=reinterpret pc=0x000000000382fed8 method=java.util.concurrent.ConcurrentHashMap.addCount(JI)V @ 110
Event: 5.210 Thread 0x000000001b17f000 Uncommon trap: reason=unstable_if action=reinterpret pc=0x0000000003827b9c method=java.util.concurrent.ConcurrentHashMap.addCount(JI)V @ 110
Event: 5.531 Thread 0x000000001b17f000 Uncommon trap: reason=class_check action=maybe_recompile pc=0x000000000352e128 method=sun.reflect.generics.reflectiveObjects.TypeVariableImpl.getGenericDeclaration()Ljava/lang/reflect/GenericDeclaration; @ 4
Event: 5.531 Thread 0x000000001b17f000 Uncommon trap: reason=class_check action=maybe_recompile pc=0x000000000352e128 method=sun.reflect.generics.reflectiveObjects.TypeVariableImpl.getGenericDeclaration()Ljava/lang/reflect/GenericDeclaration; @ 4

Classes redefined (0 events):
No events

Internal exceptions (10 events):
Event: 5.310 Thread 0x000000001b17f000 Exception <a 'java/lang/ClassNotFoundException': org/gradle/api/plugins/internal/DefaultBasePluginConventionBeanInfo> (0x00000000e299ad68) thrown at [D:\src\AOSP-openjdk-cygwin\jdk8u\hotspot\src\share\vm\classfile\systemDictionary.cpp, line 210]
Event: 5.310 Thread 0x000000001b17f000 Exception <a 'java/lang/ClassNotFoundException': org/gradle/api/plugins/BasePluginConventionBeanInfo> (0x00000000e29c54a8) thrown at [D:\src\AOSP-openjdk-cygwin\jdk8u\hotspot\src\share\vm\classfile\systemDictionary.cpp, line 210]
Event: 5.311 Thread 0x000000001b17f000 Exception <a 'java/lang/ClassNotFoundException': org/gradle/api/plugins/BasePluginConventionCustomizer> (0x00000000e29f0248) thrown at [D:\src\AOSP-openjdk-cygwin\jdk8u\hotspot\src\share\vm\classfile\systemDictionary.cpp, line 210]
Event: 5.311 Thread 0x000000001b17f000 Exception <a 'java/lang/ClassNotFoundException': org/gradle/api/plugins/internal/DefaultBasePluginConventionCustomizer> (0x00000000e2a34fb8) thrown at [D:\src\AOSP-openjdk-cygwin\jdk8u\hotspot\src\share\vm\classfile\systemDictionary.cpp, line 210]
Event: 5.318 Thread 0x000000001b17f000 Exception <a 'java/lang/NoSuchMethodError': java.lang.Object.lambda$comparingInt$7b0bb60$1(Ljava/util/function/ToIntFunction;Ljava/lang/Object;Ljava/lang/Object;)I> (0x00000000e2abbc18) thrown at [D:\src\AOSP-openjdk-cygwin\jdk8u\hotspot\src\share\vm\inte
Event: 5.579 Thread 0x000000001b17f000 Exception <a 'java/lang/ClassNotFoundException': com/android/build/gradle/internal/api/ApkVariantOutputImpl_DecoratedBeanInfo> (0x00000000e3b42548) thrown at [D:\src\AOSP-openjdk-cygwin\jdk8u\hotspot\src\share\vm\classfile\systemDictionary.cpp, line 210]
Event: 5.579 Thread 0x000000001b17f000 Exception <a 'java/lang/ClassNotFoundException': com/android/build/gradle/internal/api/ApkVariantOutputImplBeanInfo> (0x00000000e3b5e3b8) thrown at [D:\src\AOSP-openjdk-cygwin\jdk8u\hotspot\src\share\vm\classfile\systemDictionary.cpp, line 210]
Event: 5.579 Thread 0x000000001b17f000 Exception <a 'java/lang/ClassNotFoundException': com/android/build/gradle/internal/api/BaseVariantOutputImplBeanInfo> (0x00000000e3b7b540) thrown at [D:\src\AOSP-openjdk-cygwin\jdk8u\hotspot\src\share\vm\classfile\systemDictionary.cpp, line 210]
Event: 5.580 Thread 0x000000001b17f000 Exception <a 'java/lang/ClassNotFoundException': com/android/build/gradle/internal/api/BaseVariantOutputImplCustomizer> (0x00000000e3b98be0) thrown at [D:\src\AOSP-openjdk-cygwin\jdk8u\hotspot\src\share\vm\classfile\systemDictionary.cpp, line 210]
Event: 5.580 Thread 0x000000001b17f000 Exception <a 'java/lang/ClassNotFoundException': com/android/build/gradle/internal/api/ApkVariantOutputImplCustomizer> (0x00000000e3bcfef0) thrown at [D:\src\AOSP-openjdk-cygwin\jdk8u\hotspot\src\share\vm\classfile\systemDictionary.cpp, line 210]

Events (10 events):
Event: 5.580 loading class com/android/build/gradle/internal/api/ApkVariantOutputImplCustomizer
Event: 5.580 loading class com/android/build/gradle/internal/api/ApkVariantOutputImplCustomizer done
Event: 5.580 loading class com/android/build/gradle/internal/api/ApkVariantOutputImplCustomizer
Event: 5.580 loading class com/android/build/gradle/internal/api/ApkVariantOutputImplCustomizer done
Event: 5.581 loading class com/android/build/gradle/internal/api/ApkVariantOutputImpl_DecoratedCustomizer
Event: 5.581 loading class com/android/build/gradle/internal/api/ApkVariantOutputImpl_DecoratedCustomizer done
Event: 5.581 loading class com/android/build/gradle/internal/api/ApkVariantOutputImpl_DecoratedCustomizer
Event: 5.581 loading class com/android/build/gradle/internal/api/ApkVariantOutputImpl_DecoratedCustomizer done
Event: 5.581 loading class com/android/build/gradle/internal/api/ApkVariantOutputImpl_DecoratedCustomizer
Event: 5.581 loading class com/android/build/gradle/internal/api/ApkVariantOutputImpl_DecoratedCustomizer done


Dynamic libraries:
0x00007ff75b640000 - 0x00007ff75b671000 	C:\Program Files\Android\Android Studio\jre\bin\java.exe
0x00007ffbc3c00000 - 0x00007ffbc3df0000 	C:\WINDOWS\SYSTEM32\ntdll.dll
0x00007ffbc3360000 - 0x00007ffbc3412000 	C:\WINDOWS\System32\KERNEL32.DLL
0x00007ffbc1880000 - 0x00007ffbc1b23000 	C:\WINDOWS\System32\KERNELBASE.dll
0x00007ffbc2680000 - 0x00007ffbc2723000 	C:\WINDOWS\System32\ADVAPI32.dll
0x00007ffbc20e0000 - 0x00007ffbc217e000 	C:\WINDOWS\System32\msvcrt.dll
0x00007ffbc30f0000 - 0x00007ffbc3187000 	C:\WINDOWS\System32\sechost.dll
0x00007ffbc34e0000 - 0x00007ffbc3600000 	C:\WINDOWS\System32\RPCRT4.dll
0x00007ffbc2f50000 - 0x00007ffbc30e4000 	C:\WINDOWS\System32\USER32.dll
0x00007ffbc1b30000 - 0x00007ffbc1b51000 	C:\WINDOWS\System32\win32u.dll
0x00007ffbc3440000 - 0x00007ffbc3466000 	C:\WINDOWS\System32\GDI32.dll
0x00007ffbc1430000 - 0x00007ffbc15c4000 	C:\WINDOWS\System32\gdi32full.dll
0x00007ffbc1630000 - 0x00007ffbc16ce000 	C:\WINDOWS\System32\msvcp_win.dll
0x00007ffbc1780000 - 0x00007ffbc187a000 	C:\WINDOWS\System32\ucrtbase.dll
0x00007ffbaaa60000 - 0x00007ffbaace5000 	C:\WINDOWS\WinSxS\amd64_microsoft.windows.common-controls_6595b64144ccf1df_6.0.18362.720_none_e6beb5c51314836b\COMCTL32.dll
0x00007ffbc2270000 - 0x00007ffbc25a6000 	C:\WINDOWS\System32\combase.dll
0x00007ffbc16d0000 - 0x00007ffbc1750000 	C:\WINDOWS\System32\bcryptPrimitives.dll
0x00007ffbc3b90000 - 0x00007ffbc3bbe000 	C:\WINDOWS\System32\IMM32.DLL
0x00000000707c0000 - 0x0000000070892000 	C:\Program Files\Android\Android Studio\jre\jre\bin\msvcr100.dll
0x00000000708a0000 - 0x00000000710e6000 	C:\Program Files\Android\Android Studio\jre\jre\bin\server\jvm.dll
0x00007ffbc2260000 - 0x00007ffbc2268000 	C:\WINDOWS\System32\PSAPI.DLL
0x00007ffbbd700000 - 0x00007ffbbd724000 	C:\WINDOWS\SYSTEM32\WINMM.dll
0x00007ffbabd20000 - 0x00007ffbabd29000 	C:\WINDOWS\SYSTEM32\WSOCK32.dll
0x00007ffbbf8a0000 - 0x00007ffbbf8aa000 	C:\WINDOWS\SYSTEM32\VERSION.dll
0x00007ffbc3470000 - 0x00007ffbc34df000 	C:\WINDOWS\System32\WS2_32.dll
0x00007ffbbd6d0000 - 0x00007ffbbd6fd000 	C:\WINDOWS\SYSTEM32\winmmbase.dll
0x00007ffbc1330000 - 0x00007ffbc137a000 	C:\WINDOWS\System32\cfgmgr32.dll
0x00007ffbbd5b0000 - 0x00007ffbbd5bf000 	C:\Program Files\Android\Android Studio\jre\jre\bin\verify.dll
0x00007ffbbc1a0000 - 0x00007ffbbc1c9000 	C:\Program Files\Android\Android Studio\jre\jre\bin\java.dll
0x00007ffbbd590000 - 0x00007ffbbd5a6000 	C:\Program Files\Android\Android Studio\jre\jre\bin\zip.dll
0x00007ffbc27b0000 - 0x00007ffbc2e95000 	C:\WINDOWS\System32\SHELL32.dll
0x00007ffbc3ad0000 - 0x00007ffbc3b79000 	C:\WINDOWS\System32\shcore.dll
0x00007ffbc0b90000 - 0x00007ffbc1310000 	C:\WINDOWS\System32\windows.storage.dll
0x00007ffbc0b40000 - 0x00007ffbc0b63000 	C:\WINDOWS\System32\profapi.dll
0x00007ffbc0af0000 - 0x00007ffbc0b3a000 	C:\WINDOWS\System32\powrprof.dll
0x00007ffbc0ac0000 - 0x00007ffbc0ad0000 	C:\WINDOWS\System32\UMPDC.dll
0x00007ffbc2200000 - 0x00007ffbc2252000 	C:\WINDOWS\System32\shlwapi.dll
0x00007ffbc0ad0000 - 0x00007ffbc0ae1000 	C:\WINDOWS\System32\kernel.appcore.dll
0x00007ffbc1310000 - 0x00007ffbc1327000 	C:\WINDOWS\System32\cryptsp.dll
0x00007ffbb59c0000 - 0x00007ffbb59da000 	C:\Program Files\Android\Android Studio\jre\jre\bin\net.dll
0x00007ffbafb90000 - 0x00007ffbafd65000 	C:\WINDOWS\SYSTEM32\urlmon.dll
0x00007ffbafe90000 - 0x00007ffbb0136000 	C:\WINDOWS\SYSTEM32\iertutil.dll
0x00007ffbc04a0000 - 0x00007ffbc04ac000 	C:\WINDOWS\SYSTEM32\CRYPTBASE.DLL
0x00007ffbc02d0000 - 0x00007ffbc0337000 	C:\WINDOWS\system32\mswsock.dll
0x00007ffbb5340000 - 0x00007ffbb5353000 	C:\Program Files\Android\Android Studio\jre\jre\bin\nio.dll
0x00007ffbb24e0000 - 0x00007ffbb2506000 	C:\Users\saksh\.gradle\native\30\windows-amd64\native-platform.dll
0x00007ffbba630000 - 0x00007ffbba63d000 	C:\Program Files\Android\Android Studio\jre\jre\bin\management.dll
0x00007ffbbfe40000 - 0x00007ffbbfe73000 	C:\WINDOWS\system32\rsaenh.dll
0x00007ffbc1750000 - 0x00007ffbc1776000 	C:\WINDOWS\System32\bcrypt.dll
0x00007ffbc09e0000 - 0x00007ffbc0a05000 	C:\WINDOWS\SYSTEM32\USERENV.dll
0x00007ffbbffe0000 - 0x00007ffbc001a000 	C:\WINDOWS\SYSTEM32\IPHLPAPI.DLL
0x00007ffbc3b80000 - 0x00007ffbc3b88000 	C:\WINDOWS\System32\NSI.dll
0x00007ffbb4e80000 - 0x00007ffbb4e96000 	C:\WINDOWS\SYSTEM32\dhcpcsvc6.DLL
0x00007ffbb5570000 - 0x00007ffbb558c000 	C:\WINDOWS\SYSTEM32\dhcpcsvc.DLL
0x00007ffbc0030000 - 0x00007ffbc00fa000 	C:\WINDOWS\SYSTEM32\DNSAPI.dll

VM Arguments:
jvm_args: -Xmx1536m -Dfile.encoding=windows-1252 -Duser.country=IN -Duser.language=en -Duser.variant 
java_command: org.gradle.launcher.daemon.bootstrap.GradleDaemon 5.6.4
java_class_path (initial): C:\Users\saksh\.gradle\wrapper\dists\gradle-5.6.4-all\ankdp27end7byghfw1q2sw75f\gradle-5.6.4\lib\gradle-launcher-5.6.4.jar
Launcher Type: SUN_STANDARD

Environment Variables:
PATH=C:\app\saksh\product\11.2.0\dbhome_2\bin;C:\Program Files (x86)\Common Files\Oracle\Java\javapath;C:\Program Files (x86)\Intel\iCLS Client\;C:\Program Files\Intel\iCLS Client\;C:\WINDOWS\system32;C:\WINDOWS;C:\WINDOWS\System32\Wbem;C:\WINDOWS\System32\WindowsPowerShell\v1.0\;C:\WINDOWS\System32\OpenSSH\;C:\Program Files (x86)\Intel\Intel(R) Management Engine Components\DAL;C:\Program Files\Intel\Intel(R) Management Engine Components\DAL;C:\Program Files (x86)\Intel\Intel(R) Management Engine Components\IPT;C:\Program Files\Intel\Intel(R) Management Engine Components\IPT;C:\Program Files\PuTTY\;C:\Program Files\nodejs\;C:\Program Files\Git\cmd;C:\Users\saksh\AppData\Local\Microsoft\WindowsApps;C:\Users\saksh\instantclient-basiclite-windows.x64-19.3.0.0.0dbru;C:\Users\saksh\AppData\Roaming\npm
USERNAME=saksh
OS=Windows_NT
PROCESSOR_IDENTIFIER=Intel64 Family 6 Model 142 Stepping 10, GenuineIntel



---------------  S Y S T E M  ---------------

OS: Windows 10.0 , 64 bit Build 18362 (10.0.18362.329)

CPU:total 8 (initial active 8) (4 cores per cpu, 2 threads per core) family 6 model 142 stepping 10, cmov, cx8, fxsr, mmx, sse, sse2, sse3, ssse3, sse4.1, sse4.2, popcnt, avx, avx2, aes, clmul, erms, 3dnowpref, lzcnt, ht, tsc, tscinvbit, bmi1, bmi2, adx

Memory: 4k page, physical 8295652k(1660580k free), swap 8295652k(5700k free)

vm_info: OpenJDK 64-Bit Server VM (25.212-b04) for windows-amd64 JRE (1.8.0_212-release-1586-b04), built by "builder" with MS VC++ 10.0 (VS2010)

time: Wed Apr 15 03:05:00 2020
timezone: India Standard Time
elapsed time: 5 seconds (0d 0h 0m 5s)

